2025-01-27T22:41:23.011+07:00  INFO 6536 --- [book_store] [restartedMain] c.e.book_store.BookStoreApplication      : Starting BookStoreApplication using Java 17.0.11 with PID 6536 (E:\JavaProjects\SpringBoot\book_store\target\classes started by nphuo in E:\JavaProjects\SpringBoot\book_store)
2025-01-27T22:41:23.020+07:00  INFO 6536 --- [book_store] [restartedMain] c.e.book_store.BookStoreApplication      : The following 1 profile is active: "dev"
2025-01-27T22:41:23.609+07:00  INFO 6536 --- [book_store] [restartedMain] .e.DevToolsPropertyDefaultsPostProcessor : Devtools property defaults active! Set 'spring.devtools.add-properties' to 'false' to disable
2025-01-27T22:41:23.610+07:00  INFO 6536 --- [book_store] [restartedMain] .e.DevToolsPropertyDefaultsPostProcessor : For additional web related logging consider setting the 'logging.level.web' property to 'DEBUG'
2025-01-27T22:41:27.101+07:00  INFO 6536 --- [book_store] [restartedMain] .s.d.r.c.RepositoryConfigurationDelegate : Multiple Spring Data modules found, entering strict repository configuration mode
2025-01-27T22:41:27.105+07:00  INFO 6536 --- [book_store] [restartedMain] .s.d.r.c.RepositoryConfigurationDelegate : Bootstrapping Spring Data JPA repositories in DEFAULT mode.
2025-01-27T22:41:27.427+07:00  INFO 6536 --- [book_store] [restartedMain] .s.d.r.c.RepositoryConfigurationDelegate : Finished Spring Data repository scanning in 309 ms. Found 8 JPA repository interfaces.
2025-01-27T22:41:27.458+07:00  INFO 6536 --- [book_store] [restartedMain] .s.d.r.c.RepositoryConfigurationDelegate : Multiple Spring Data modules found, entering strict repository configuration mode
2025-01-27T22:41:27.461+07:00  INFO 6536 --- [book_store] [restartedMain] .s.d.r.c.RepositoryConfigurationDelegate : Bootstrapping Spring Data Redis repositories in DEFAULT mode.
2025-01-27T22:41:27.504+07:00  INFO 6536 --- [book_store] [restartedMain] .RepositoryConfigurationExtensionSupport : Spring Data Redis - Could not safely identify store assignment for repository candidate interface com.ecommerce.book_store.persistent.repository.abstraction.AdminRepository; If you want this repository to be a Redis repository, consider annotating your entities with one of these annotations: org.springframework.data.redis.core.RedisHash (preferred), or consider extending one of the following types with your repository: org.springframework.data.keyvalue.repository.KeyValueRepository
2025-01-27T22:41:27.505+07:00  INFO 6536 --- [book_store] [restartedMain] .RepositoryConfigurationExtensionSupport : Spring Data Redis - Could not safely identify store assignment for repository candidate interface com.ecommerce.book_store.persistent.repository.abstraction.BookRepository; If you want this repository to be a Redis repository, consider annotating your entities with one of these annotations: org.springframework.data.redis.core.RedisHash (preferred), or consider extending one of the following types with your repository: org.springframework.data.keyvalue.repository.KeyValueRepository
2025-01-27T22:41:27.506+07:00  INFO 6536 --- [book_store] [restartedMain] .RepositoryConfigurationExtensionSupport : Spring Data Redis - Could not safely identify store assignment for repository candidate interface com.ecommerce.book_store.persistent.repository.abstraction.CategoryRepository; If you want this repository to be a Redis repository, consider annotating your entities with one of these annotations: org.springframework.data.redis.core.RedisHash (preferred), or consider extending one of the following types with your repository: org.springframework.data.keyvalue.repository.KeyValueRepository
2025-01-27T22:41:27.507+07:00  INFO 6536 --- [book_store] [restartedMain] .RepositoryConfigurationExtensionSupport : Spring Data Redis - Could not safely identify store assignment for repository candidate interface com.ecommerce.book_store.persistent.repository.abstraction.OrderItemRepository; If you want this repository to be a Redis repository, consider annotating your entities with one of these annotations: org.springframework.data.redis.core.RedisHash (preferred), or consider extending one of the following types with your repository: org.springframework.data.keyvalue.repository.KeyValueRepository
2025-01-27T22:41:27.508+07:00  INFO 6536 --- [book_store] [restartedMain] .RepositoryConfigurationExtensionSupport : Spring Data Redis - Could not safely identify store assignment for repository candidate interface com.ecommerce.book_store.persistent.repository.abstraction.OrderRepository; If you want this repository to be a Redis repository, consider annotating your entities with one of these annotations: org.springframework.data.redis.core.RedisHash (preferred), or consider extending one of the following types with your repository: org.springframework.data.keyvalue.repository.KeyValueRepository
2025-01-27T22:41:27.508+07:00  INFO 6536 --- [book_store] [restartedMain] .RepositoryConfigurationExtensionSupport : Spring Data Redis - Could not safely identify store assignment for repository candidate interface com.ecommerce.book_store.persistent.repository.abstraction.RoleRepository; If you want this repository to be a Redis repository, consider annotating your entities with one of these annotations: org.springframework.data.redis.core.RedisHash (preferred), or consider extending one of the following types with your repository: org.springframework.data.keyvalue.repository.KeyValueRepository
2025-01-27T22:41:27.509+07:00  INFO 6536 --- [book_store] [restartedMain] .RepositoryConfigurationExtensionSupport : Spring Data Redis - Could not safely identify store assignment for repository candidate interface com.ecommerce.book_store.persistent.repository.abstraction.UserRepository; If you want this repository to be a Redis repository, consider annotating your entities with one of these annotations: org.springframework.data.redis.core.RedisHash (preferred), or consider extending one of the following types with your repository: org.springframework.data.keyvalue.repository.KeyValueRepository
2025-01-27T22:41:27.510+07:00  INFO 6536 --- [book_store] [restartedMain] .RepositoryConfigurationExtensionSupport : Spring Data Redis - Could not safely identify store assignment for repository candidate interface com.ecommerce.book_store.persistent.repository.abstraction.VoucherRepository; If you want this repository to be a Redis repository, consider annotating your entities with one of these annotations: org.springframework.data.redis.core.RedisHash (preferred), or consider extending one of the following types with your repository: org.springframework.data.keyvalue.repository.KeyValueRepository
2025-01-27T22:41:27.511+07:00  INFO 6536 --- [book_store] [restartedMain] .s.d.r.c.RepositoryConfigurationDelegate : Finished Spring Data repository scanning in 29 ms. Found 0 Redis repository interfaces.
2025-01-27T22:41:28.849+07:00  INFO 6536 --- [book_store] [restartedMain] o.s.b.w.embedded.tomcat.TomcatWebServer  : Tomcat initialized with port 8080 (http)
2025-01-27T22:41:28.958+07:00  INFO 6536 --- [book_store] [restartedMain] o.apache.catalina.core.StandardService   : Starting service [Tomcat]
2025-01-27T22:41:28.959+07:00  INFO 6536 --- [book_store] [restartedMain] o.apache.catalina.core.StandardEngine    : Starting Servlet engine: [Apache Tomcat/10.1.31]
2025-01-27T22:41:29.075+07:00  INFO 6536 --- [book_store] [restartedMain] o.a.c.c.C.[Tomcat].[localhost].[/]       : Initializing Spring embedded WebApplicationContext
2025-01-27T22:41:29.076+07:00  INFO 6536 --- [book_store] [restartedMain] w.s.c.ServletWebServerApplicationContext : Root WebApplicationContext: initialization completed in 5465 ms
2025-01-27T22:41:29.324+07:00  INFO 6536 --- [book_store] [restartedMain] o.hibernate.jpa.internal.util.LogHelper  : HHH000204: Processing PersistenceUnitInfo [name: default]
2025-01-27T22:41:29.406+07:00  INFO 6536 --- [book_store] [restartedMain] org.hibernate.Version                    : HHH000412: Hibernate ORM core version 6.5.3.Final
2025-01-27T22:41:29.458+07:00  INFO 6536 --- [book_store] [restartedMain] o.h.c.internal.RegionFactoryInitiator    : HHH000026: Second-level cache disabled
2025-01-27T22:41:30.273+07:00  INFO 6536 --- [book_store] [restartedMain] o.s.o.j.p.SpringPersistenceUnitInfo      : No LoadTimeWeaver setup: ignoring JPA class transformer
2025-01-27T22:41:30.313+07:00  INFO 6536 --- [book_store] [restartedMain] com.zaxxer.hikari.HikariDataSource       : HikariPool-1 - Starting...
2025-01-27T22:41:30.797+07:00  INFO 6536 --- [book_store] [restartedMain] com.zaxxer.hikari.pool.HikariPool        : HikariPool-1 - Added connection com.mysql.cj.jdbc.ConnectionImpl@3f339e0f
2025-01-27T22:41:30.799+07:00  INFO 6536 --- [book_store] [restartedMain] com.zaxxer.hikari.HikariDataSource       : HikariPool-1 - Start completed.
2025-01-27T22:41:31.275+07:00  WARN 6536 --- [book_store] [restartedMain] org.hibernate.orm.deprecation            : HHH90000025: MySQL8Dialect does not need to be specified explicitly using 'hibernate.dialect' (remove the property setting and it will be selected by default)
2025-01-27T22:41:31.277+07:00  WARN 6536 --- [book_store] [restartedMain] org.hibernate.orm.deprecation            : HHH90000026: MySQL8Dialect has been deprecated; use org.hibernate.dialect.MySQLDialect instead
2025-01-27T22:41:35.376+07:00  INFO 6536 --- [book_store] [restartedMain] o.h.e.t.j.p.i.JtaPlatformInitiator       : HHH000489: No JTA platform available (set 'hibernate.transaction.jta.platform' to enable JTA platform integration)
2025-01-27T22:41:35.829+07:00  INFO 6536 --- [book_store] [restartedMain] j.LocalContainerEntityManagerFactoryBean : Initialized JPA EntityManagerFactory for persistence unit 'default'
2025-01-27T22:41:37.042+07:00  WARN 6536 --- [book_store] [restartedMain] JpaBaseConfiguration$JpaWebConfiguration : spring.jpa.open-in-view is enabled by default. Therefore, database queries may be performed during view rendering. Explicitly configure spring.jpa.open-in-view to disable this warning
2025-01-27T22:41:37.207+07:00  INFO 6536 --- [book_store] [restartedMain] eAuthenticationProviderManagerConfigurer : Found 2 AuthenticationProvider beans, with names [userAuthenticationProvider, adminAuthenticationProvider]. Global Authentication Manager will not be configured with AuthenticationProviders. Consider publishing a single AuthenticationProvider bean, or wiring your Providers directly using the DSL.
2025-01-27T22:41:37.209+07:00  WARN 6536 --- [book_store] [restartedMain] r$InitializeUserDetailsManagerConfigurer : Found 2 UserDetailsService beans, with names [adminDetailsService, customUserDetailsService]. Global Authentication Manager will not use a UserDetailsService for username/password login. Consider publishing a single UserDetailsService bean.
2025-01-27T22:41:39.368+07:00  INFO 6536 --- [book_store] [restartedMain] o.s.b.d.a.OptionalLiveReloadServer       : LiveReload server is running on port 35729
2025-01-27T22:41:39.416+07:00  INFO 6536 --- [book_store] [restartedMain] o.s.b.w.embedded.tomcat.TomcatWebServer  : Tomcat started on port 8080 (http) with context path '/'
2025-01-27T22:41:39.426+07:00  INFO 6536 --- [book_store] [restartedMain] c.e.book_store.BookStoreApplication      : Started BookStoreApplication in 17.343 seconds (process running for 28.821)
2025-01-27T22:41:51.789+07:00  INFO 6536 --- [book_store] [http-nio-8080-exec-1] o.a.c.c.C.[Tomcat].[localhost].[/]       : Initializing Spring DispatcherServlet 'dispatcherServlet'
2025-01-27T22:41:51.790+07:00  INFO 6536 --- [book_store] [http-nio-8080-exec-1] o.s.web.servlet.DispatcherServlet        : Initializing Servlet 'dispatcherServlet'
2025-01-27T22:41:51.791+07:00  INFO 6536 --- [book_store] [http-nio-8080-exec-1] o.s.web.servlet.DispatcherServlet        : Completed initialization in 1 ms
2025-01-27T22:42:47.072+07:00  INFO 6536 --- [book_store] [SpringApplicationShutdownHook] j.LocalContainerEntityManagerFactoryBean : Closing JPA EntityManagerFactory for persistence unit 'default'
2025-01-27T22:42:47.076+07:00  INFO 6536 --- [book_store] [SpringApplicationShutdownHook] com.zaxxer.hikari.HikariDataSource       : HikariPool-1 - Shutdown initiated...
2025-01-27T22:42:47.080+07:00  INFO 6536 --- [book_store] [SpringApplicationShutdownHook] com.zaxxer.hikari.HikariDataSource       : HikariPool-1 - Shutdown completed.
